{"/Users/bytedance/Desktop/To Do List App/Backend/controllers/todoController.js": {"path":"/Users/bytedance/Desktop/To Do List App/Backend/controllers/todoController.js","statementMap":{"0":{"start":{"line":1,"column":13},"end":{"line":1,"column":38}},"1":{"start":{"line":2,"column":13},"end":{"line":2,"column":39}},"2":{"start":{"line":11,"column":0},"end":{"line":52,"column":2}},"3":{"start":{"line":12,"column":15},"end":{"line":12,"column":23}},"4":{"start":{"line":13,"column":2},"end":{"line":51,"column":3}},"5":{"start":{"line":14,"column":51},"end":{"line":14,"column":59}},"6":{"start":{"line":15,"column":4},"end":{"line":19,"column":5}},"7":{"start":{"line":16,"column":6},"end":{"line":18,"column":61}},"8":{"start":{"line":21,"column":21},"end":{"line":21,"column":45}},"9":{"start":{"line":23,"column":17},"end":{"line":29,"column":6}},"10":{"start":{"line":31,"column":16},"end":{"line":31,"column":18}},"11":{"start":{"line":32,"column":4},"end":{"line":46,"column":5}},"12":{"start":{"line":33,"column":6},"end":{"line":45,"column":9}},"13":{"start":{"line":34,"column":75},"end":{"line":34,"column":79}},"14":{"start":{"line":35,"column":29},"end":{"line":43,"column":10}},"15":{"start":{"line":44,"column":8},"end":{"line":44,"column":33}},"16":{"start":{"line":48,"column":4},"end":{"line":48,"column":49}},"17":{"start":{"line":50,"column":4},"end":{"line":50,"column":79}},"18":{"start":{"line":54,"column":0},"end":{"line":82,"column":2}},"19":{"start":{"line":55,"column":2},"end":{"line":81,"column":3}},"20":{"start":{"line":56,"column":35},"end":{"line":56,"column":44}},"21":{"start":{"line":57,"column":4},"end":{"line":57,"column":17}},"22":{"start":{"line":58,"column":4},"end":{"line":58,"column":19}},"23":{"start":{"line":60,"column":17},"end":{"line":60,"column":35}},"24":{"start":{"line":61,"column":19},"end":{"line":61,"column":31}},"25":{"start":{"line":63,"column":18},"end":{"line":70,"column":13}},"26":{"start":{"line":71,"column":18},"end":{"line":71,"column":79}},"27":{"start":{"line":72,"column":4},"end":{"line":78,"column":7}},"28":{"start":{"line":80,"column":4},"end":{"line":80,"column":79}},"29":{"start":{"line":84,"column":0},"end":{"line":101,"column":2}},"30":{"start":{"line":85,"column":2},"end":{"line":100,"column":3}},"31":{"start":{"line":86,"column":17},"end":{"line":86,"column":77}},"32":{"start":{"line":87,"column":4},"end":{"line":87,"column":74}},"33":{"start":{"line":87,"column":15},"end":{"line":87,"column":74}},"34":{"start":{"line":89,"column":4},"end":{"line":91,"column":5}},"35":{"start":{"line":90,"column":6},"end":{"line":90,"column":65}},"36":{"start":{"line":92,"column":4},"end":{"line":92,"column":26}},"37":{"start":{"line":93,"column":4},"end":{"line":93,"column":32}},"38":{"start":{"line":94,"column":4},"end":{"line":94,"column":22}},"39":{"start":{"line":95,"column":4},"end":{"line":97,"column":79}},"40":{"start":{"line":99,"column":4},"end":{"line":99,"column":61}},"41":{"start":{"line":103,"column":0},"end":{"line":111,"column":2}},"42":{"start":{"line":104,"column":2},"end":{"line":110,"column":3}},"43":{"start":{"line":105,"column":17},"end":{"line":105,"column":77}},"44":{"start":{"line":106,"column":4},"end":{"line":106,"column":74}},"45":{"start":{"line":106,"column":15},"end":{"line":106,"column":74}},"46":{"start":{"line":107,"column":4},"end":{"line":107,"column":42}},"47":{"start":{"line":109,"column":4},"end":{"line":109,"column":61}},"48":{"start":{"line":113,"column":0},"end":{"line":129,"column":2}},"49":{"start":{"line":114,"column":2},"end":{"line":128,"column":3}},"50":{"start":{"line":115,"column":55},"end":{"line":115,"column":63}},"51":{"start":{"line":116,"column":17},"end":{"line":120,"column":5}},"52":{"start":{"line":121,"column":4},"end":{"line":124,"column":63}},"53":{"start":{"line":122,"column":6},"end":{"line":124,"column":63}},"54":{"start":{"line":125,"column":4},"end":{"line":125,"column":42}},"55":{"start":{"line":127,"column":4},"end":{"line":127,"column":61}}},"fnMap":{"0":{"name":"(anonymous_0)","decl":{"start":{"line":11,"column":21},"end":{"line":11,"column":22}},"loc":{"start":{"line":11,"column":41},"end":{"line":52,"column":1}},"line":11},"1":{"name":"(anonymous_1)","decl":{"start":{"line":33,"column":23},"end":{"line":33,"column":24}},"loc":{"start":{"line":33,"column":39},"end":{"line":45,"column":7}},"line":33},"2":{"name":"(anonymous_2)","decl":{"start":{"line":54,"column":20},"end":{"line":54,"column":21}},"loc":{"start":{"line":54,"column":40},"end":{"line":82,"column":1}},"line":54},"3":{"name":"(anonymous_3)","decl":{"start":{"line":84,"column":21},"end":{"line":84,"column":22}},"loc":{"start":{"line":84,"column":41},"end":{"line":101,"column":1}},"line":84},"4":{"name":"(anonymous_4)","decl":{"start":{"line":103,"column":22},"end":{"line":103,"column":23}},"loc":{"start":{"line":103,"column":42},"end":{"line":111,"column":1}},"line":103},"5":{"name":"(anonymous_5)","decl":{"start":{"line":113,"column":21},"end":{"line":113,"column":22}},"loc":{"start":{"line":113,"column":41},"end":{"line":129,"column":1}},"line":113}},"branchMap":{"0":{"loc":{"start":{"line":15,"column":4},"end":{"line":19,"column":5}},"type":"if","locations":[{"start":{"line":15,"column":4},"end":{"line":19,"column":5}},{"start":{},"end":{}}],"line":15},"1":{"loc":{"start":{"line":15,"column":8},"end":{"line":15,"column":52}},"type":"binary-expr","locations":[{"start":{"line":15,"column":8},"end":{"line":15,"column":14}},{"start":{"line":15,"column":18},"end":{"line":15,"column":26}},{"start":{"line":15,"column":30},"end":{"line":15,"column":40}},{"start":{"line":15,"column":44},"end":{"line":15,"column":52}}],"line":15},"2":{"loc":{"start":{"line":21,"column":21},"end":{"line":21,"column":45}},"type":"binary-expr","locations":[{"start":{"line":21,"column":21},"end":{"line":21,"column":39}},{"start":{"line":21,"column":43},"end":{"line":21,"column":45}}],"line":21},"3":{"loc":{"start":{"line":32,"column":4},"end":{"line":46,"column":5}},"type":"if","locations":[{"start":{"line":32,"column":4},"end":{"line":46,"column":5}},{"start":{},"end":{}}],"line":32},"4":{"loc":{"start":{"line":56,"column":10},"end":{"line":56,"column":18}},"type":"default-arg","locations":[{"start":{"line":56,"column":17},"end":{"line":56,"column":18}}],"line":56},"5":{"loc":{"start":{"line":56,"column":20},"end":{"line":56,"column":30}},"type":"default-arg","locations":[{"start":{"line":56,"column":28},"end":{"line":56,"column":30}}],"line":56},"6":{"loc":{"start":{"line":87,"column":4},"end":{"line":87,"column":74}},"type":"if","locations":[{"start":{"line":87,"column":4},"end":{"line":87,"column":74}},{"start":{},"end":{}}],"line":87},"7":{"loc":{"start":{"line":89,"column":4},"end":{"line":91,"column":5}},"type":"if","locations":[{"start":{"line":89,"column":4},"end":{"line":91,"column":5}},{"start":{},"end":{}}],"line":89},"8":{"loc":{"start":{"line":106,"column":4},"end":{"line":106,"column":74}},"type":"if","locations":[{"start":{"line":106,"column":4},"end":{"line":106,"column":74}},{"start":{},"end":{}}],"line":106},"9":{"loc":{"start":{"line":121,"column":4},"end":{"line":124,"column":63}},"type":"if","locations":[{"start":{"line":121,"column":4},"end":{"line":124,"column":63}},{"start":{},"end":{}}],"line":121}},"s":{"0":1,"1":1,"2":1,"3":0,"4":0,"5":0,"6":0,"7":0,"8":0,"9":0,"10":0,"11":0,"12":0,"13":0,"14":0,"15":0,"16":0,"17":0,"18":1,"19":0,"20":0,"21":0,"22":0,"23":0,"24":0,"25":0,"26":0,"27":0,"28":0,"29":1,"30":0,"31":0,"32":0,"33":0,"34":0,"35":0,"36":0,"37":0,"38":0,"39":0,"40":0,"41":1,"42":0,"43":0,"44":0,"45":0,"46":0,"47":0,"48":1,"49":2,"50":2,"51":2,"52":2,"53":1,"54":1,"55":0},"f":{"0":0,"1":0,"2":0,"3":0,"4":0,"5":2},"b":{"0":[0,0],"1":[0,0,0,0],"2":[0,0],"3":[0,0],"4":[0],"5":[0],"6":[0,0],"7":[0,0],"8":[0,0],"9":[1,1]},"_coverageSchema":"1a1c01bbd47fc00a2c39e90264f33305004495a9","hash":"98130619aed3637e1edcb6e63ef1293c0cd4d947"}
,"/Users/bytedance/Desktop/To Do List App/Backend/models/Files.js": {"path":"/Users/bytedance/Desktop/To Do List App/Backend/models/Files.js","statementMap":{"0":{"start":{"line":1,"column":17},"end":{"line":1,"column":36}},"1":{"start":{"line":3,"column":19},"end":{"line":35,"column":1}},"2":{"start":{"line":37,"column":0},"end":{"line":37,"column":52}}},"fnMap":{},"branchMap":{},"s":{"0":1,"1":1,"2":1},"f":{},"b":{},"_coverageSchema":"1a1c01bbd47fc00a2c39e90264f33305004495a9","hash":"ffb38ae279bffad4ad22d7d820a321f0e4ae9bc1"}
,"/Users/bytedance/Desktop/To Do List App/Backend/models/Todo.js": {"path":"/Users/bytedance/Desktop/To Do List App/Backend/models/Todo.js","statementMap":{"0":{"start":{"line":1,"column":17},"end":{"line":1,"column":36}},"1":{"start":{"line":3,"column":19},"end":{"line":43,"column":1}},"2":{"start":{"line":45,"column":13},"end":{"line":45,"column":47}},"3":{"start":{"line":46,"column":0},"end":{"line":46,"column":22}}},"fnMap":{},"branchMap":{},"s":{"0":1,"1":1,"2":1,"3":1},"f":{},"b":{},"_coverageSchema":"1a1c01bbd47fc00a2c39e90264f33305004495a9","hash":"efa4f1a4812dc9930b18168d2811de8b593030f5"}
}
