{"/Users/bytedance/Desktop/To Do List App/Backend/configs/firebase.js": {"path":"/Users/bytedance/Desktop/To Do List App/Backend/configs/firebase.js","statementMap":{"0":{"start":{"line":1,"column":0},"end":{"line":1,"column":27}},"1":{"start":{"line":2,"column":14},"end":{"line":2,"column":39}},"2":{"start":{"line":3,"column":23},"end":{"line":3,"column":71}},"3":{"start":{"line":4,"column":0},"end":{"line":7,"column":3}},"4":{"start":{"line":9,"column":15},"end":{"line":9,"column":39}},"5":{"start":{"line":10,"column":0},"end":{"line":10,"column":24}}},"fnMap":{},"branchMap":{},"s":{"0":1,"1":1,"2":1,"3":1,"4":1,"5":1},"f":{},"b":{},"_coverageSchema":"1a1c01bbd47fc00a2c39e90264f33305004495a9","hash":"fe21f683275921b066a734bb1b2c6bfc617f630d"}
,"/Users/bytedance/Desktop/To Do List App/Backend/configs/firebaseUtil.js": {"path":"/Users/bytedance/Desktop/To Do List App/Backend/configs/firebaseUtil.js","statementMap":{"0":{"start":{"line":1,"column":15},"end":{"line":1,"column":45}},"1":{"start":{"line":3,"column":19},"end":{"line":14,"column":1}},"2":{"start":{"line":4,"column":2},"end":{"line":13,"column":3}},"3":{"start":{"line":5,"column":33},"end":{"line":5,"column":37}},"4":{"start":{"line":6,"column":20},"end":{"line":6,"column":41}},"5":{"start":{"line":7,"column":4},"end":{"line":7,"column":72}},"6":{"start":{"line":9,"column":16},"end":{"line":9,"column":79}},"7":{"start":{"line":10,"column":4},"end":{"line":10,"column":15}},"8":{"start":{"line":12,"column":4},"end":{"line":12,"column":15}},"9":{"start":{"line":16,"column":0},"end":{"line":18,"column":2}}},"fnMap":{"0":{"name":"(anonymous_0)","decl":{"start":{"line":3,"column":19},"end":{"line":3,"column":20}},"loc":{"start":{"line":3,"column":45},"end":{"line":14,"column":1}},"line":3}},"branchMap":{},"s":{"0":1,"1":1,"2":0,"3":0,"4":0,"5":0,"6":0,"7":0,"8":0,"9":1},"f":{"0":0},"b":{},"_coverageSchema":"1a1c01bbd47fc00a2c39e90264f33305004495a9","hash":"63867a0309982f74b9e1ab16f0bf10e42f37d559"}
,"/Users/bytedance/Desktop/To Do List App/Backend/controllers/todoController.js": {"path":"/Users/bytedance/Desktop/To Do List App/Backend/controllers/todoController.js","statementMap":{"0":{"start":{"line":1,"column":13},"end":{"line":1,"column":38}},"1":{"start":{"line":2,"column":13},"end":{"line":2,"column":39}},"2":{"start":{"line":3,"column":15},"end":{"line":3,"column":45}},"3":{"start":{"line":4,"column":29},"end":{"line":4,"column":58}},"4":{"start":{"line":5,"column":23},"end":{"line":5,"column":57}},"5":{"start":{"line":6,"column":0},"end":{"line":69,"column":2}},"6":{"start":{"line":7,"column":15},"end":{"line":7,"column":23}},"7":{"start":{"line":8,"column":2},"end":{"line":68,"column":3}},"8":{"start":{"line":9,"column":22},"end":{"line":9,"column":57}},"9":{"start":{"line":10,"column":51},"end":{"line":10,"column":59}},"10":{"start":{"line":11,"column":4},"end":{"line":15,"column":5}},"11":{"start":{"line":12,"column":6},"end":{"line":14,"column":64}},"12":{"start":{"line":17,"column":16},"end":{"line":17,"column":18}},"13":{"start":{"line":18,"column":21},"end":{"line":18,"column":23}},"14":{"start":{"line":19,"column":17},"end":{"line":25,"column":6}},"15":{"start":{"line":27,"column":4},"end":{"line":53,"column":5}},"16":{"start":{"line":28,"column":6},"end":{"line":52,"column":8}},"17":{"start":{"line":30,"column":10},"end":{"line":50,"column":12}},"18":{"start":{"line":31,"column":63},"end":{"line":31,"column":67}},"19":{"start":{"line":33,"column":14},"end":{"line":35,"column":75}},"20":{"start":{"line":37,"column":14},"end":{"line":37,"column":71}},"21":{"start":{"line":38,"column":24},"end":{"line":38,"column":60}},"22":{"start":{"line":39,"column":33},"end":{"line":47,"column":14}},"23":{"start":{"line":48,"column":12},"end":{"line":48,"column":46}},"24":{"start":{"line":49,"column":12},"end":{"line":49,"column":32}},"25":{"start":{"line":56,"column":4},"end":{"line":62,"column":5}},"26":{"start":{"line":57,"column":6},"end":{"line":61,"column":8}},"27":{"start":{"line":63,"column":4},"end":{"line":65,"column":63}},"28":{"start":{"line":67,"column":4},"end":{"line":67,"column":79}},"29":{"start":{"line":70,"column":0},"end":{"line":100,"column":2}},"30":{"start":{"line":71,"column":2},"end":{"line":99,"column":3}},"31":{"start":{"line":72,"column":35},"end":{"line":72,"column":44}},"32":{"start":{"line":73,"column":4},"end":{"line":73,"column":17}},"33":{"start":{"line":74,"column":4},"end":{"line":74,"column":19}},"34":{"start":{"line":76,"column":17},"end":{"line":76,"column":35}},"35":{"start":{"line":77,"column":19},"end":{"line":77,"column":31}},"36":{"start":{"line":79,"column":18},"end":{"line":87,"column":13}},"37":{"start":{"line":89,"column":18},"end":{"line":89,"column":79}},"38":{"start":{"line":90,"column":4},"end":{"line":96,"column":7}},"39":{"start":{"line":98,"column":4},"end":{"line":98,"column":79}},"40":{"start":{"line":102,"column":0},"end":{"line":122,"column":2}},"41":{"start":{"line":103,"column":2},"end":{"line":121,"column":3}},"42":{"start":{"line":104,"column":4},"end":{"line":105,"column":70}},"43":{"start":{"line":105,"column":6},"end":{"line":105,"column":70}},"44":{"start":{"line":106,"column":17},"end":{"line":106,"column":77}},"45":{"start":{"line":107,"column":4},"end":{"line":107,"column":74}},"46":{"start":{"line":107,"column":15},"end":{"line":107,"column":74}},"47":{"start":{"line":108,"column":4},"end":{"line":109,"column":65}},"48":{"start":{"line":109,"column":6},"end":{"line":109,"column":65}},"49":{"start":{"line":110,"column":4},"end":{"line":111,"column":71}},"50":{"start":{"line":111,"column":6},"end":{"line":111,"column":71}},"51":{"start":{"line":112,"column":4},"end":{"line":112,"column":26}},"52":{"start":{"line":113,"column":4},"end":{"line":113,"column":32}},"53":{"start":{"line":114,"column":4},"end":{"line":114,"column":22}},"54":{"start":{"line":115,"column":4},"end":{"line":117,"column":79}},"55":{"start":{"line":119,"column":17},"end":{"line":119,"column":36}},"56":{"start":{"line":120,"column":4},"end":{"line":120,"column":79}},"57":{"start":{"line":124,"column":0},"end":{"line":132,"column":2}},"58":{"start":{"line":125,"column":2},"end":{"line":131,"column":3}},"59":{"start":{"line":126,"column":17},"end":{"line":126,"column":77}},"60":{"start":{"line":127,"column":4},"end":{"line":127,"column":74}},"61":{"start":{"line":127,"column":15},"end":{"line":127,"column":74}},"62":{"start":{"line":128,"column":4},"end":{"line":128,"column":42}},"63":{"start":{"line":130,"column":4},"end":{"line":130,"column":61}},"64":{"start":{"line":134,"column":0},"end":{"line":151,"column":2}},"65":{"start":{"line":135,"column":2},"end":{"line":150,"column":3}},"66":{"start":{"line":136,"column":55},"end":{"line":136,"column":63}},"67":{"start":{"line":137,"column":17},"end":{"line":141,"column":5}},"68":{"start":{"line":142,"column":4},"end":{"line":145,"column":63}},"69":{"start":{"line":143,"column":6},"end":{"line":145,"column":63}},"70":{"start":{"line":147,"column":4},"end":{"line":147,"column":42}},"71":{"start":{"line":149,"column":4},"end":{"line":149,"column":61}},"72":{"start":{"line":153,"column":0},"end":{"line":168,"column":2}},"73":{"start":{"line":154,"column":2},"end":{"line":167,"column":3}},"74":{"start":{"line":155,"column":41},"end":{"line":155,"column":49}},"75":{"start":{"line":156,"column":18},"end":{"line":160,"column":6}},"76":{"start":{"line":161,"column":4},"end":{"line":162,"column":76}},"77":{"start":{"line":162,"column":6},"end":{"line":162,"column":76}},"78":{"start":{"line":163,"column":4},"end":{"line":163,"column":43}},"79":{"start":{"line":165,"column":17},"end":{"line":165,"column":36}},"80":{"start":{"line":166,"column":4},"end":{"line":166,"column":79}},"81":{"start":{"line":170,"column":0},"end":{"line":190,"column":2}},"82":{"start":{"line":171,"column":15},"end":{"line":171,"column":23}},"83":{"start":{"line":172,"column":2},"end":{"line":173,"column":68}},"84":{"start":{"line":173,"column":4},"end":{"line":173,"column":68}},"85":{"start":{"line":174,"column":2},"end":{"line":189,"column":3}},"86":{"start":{"line":175,"column":17},"end":{"line":179,"column":6}},"87":{"start":{"line":180,"column":4},"end":{"line":180,"column":74}},"88":{"start":{"line":180,"column":15},"end":{"line":180,"column":74}},"89":{"start":{"line":181,"column":26},"end":{"line":185,"column":5}},"90":{"start":{"line":186,"column":4},"end":{"line":186,"column":51}},"91":{"start":{"line":188,"column":4},"end":{"line":188,"column":67}}},"fnMap":{"0":{"name":"(anonymous_0)","decl":{"start":{"line":6,"column":21},"end":{"line":6,"column":22}},"loc":{"start":{"line":6,"column":41},"end":{"line":69,"column":1}},"line":6},"1":{"name":"(anonymous_1)","decl":{"start":{"line":29,"column":42},"end":{"line":29,"column":43}},"loc":{"start":{"line":30,"column":10},"end":{"line":50,"column":12}},"line":30},"2":{"name":"(anonymous_2)","decl":{"start":{"line":30,"column":26},"end":{"line":30,"column":27}},"loc":{"start":{"line":30,"column":42},"end":{"line":50,"column":11}},"line":30},"3":{"name":"(anonymous_3)","decl":{"start":{"line":70,"column":20},"end":{"line":70,"column":21}},"loc":{"start":{"line":70,"column":40},"end":{"line":100,"column":1}},"line":70},"4":{"name":"(anonymous_4)","decl":{"start":{"line":102,"column":21},"end":{"line":102,"column":22}},"loc":{"start":{"line":102,"column":41},"end":{"line":122,"column":1}},"line":102},"5":{"name":"(anonymous_5)","decl":{"start":{"line":124,"column":22},"end":{"line":124,"column":23}},"loc":{"start":{"line":124,"column":42},"end":{"line":132,"column":1}},"line":124},"6":{"name":"(anonymous_6)","decl":{"start":{"line":134,"column":21},"end":{"line":134,"column":22}},"loc":{"start":{"line":134,"column":41},"end":{"line":151,"column":1}},"line":134},"7":{"name":"(anonymous_7)","decl":{"start":{"line":153,"column":21},"end":{"line":153,"column":22}},"loc":{"start":{"line":153,"column":41},"end":{"line":168,"column":1}},"line":153},"8":{"name":"(anonymous_8)","decl":{"start":{"line":170,"column":23},"end":{"line":170,"column":24}},"loc":{"start":{"line":170,"column":43},"end":{"line":190,"column":1}},"line":170}},"branchMap":{"0":{"loc":{"start":{"line":11,"column":4},"end":{"line":15,"column":5}},"type":"if","locations":[{"start":{"line":11,"column":4},"end":{"line":15,"column":5}},{"start":{},"end":{}}],"line":11},"1":{"loc":{"start":{"line":27,"column":4},"end":{"line":53,"column":5}},"type":"if","locations":[{"start":{"line":27,"column":4},"end":{"line":53,"column":5}},{"start":{},"end":{}}],"line":27},"2":{"loc":{"start":{"line":33,"column":14},"end":{"line":35,"column":75}},"type":"cond-expr","locations":[{"start":{"line":34,"column":18},"end":{"line":34,"column":63}},{"start":{"line":35,"column":18},"end":{"line":35,"column":75}}],"line":33},"3":{"loc":{"start":{"line":37,"column":14},"end":{"line":37,"column":71}},"type":"cond-expr","locations":[{"start":{"line":37,"column":32},"end":{"line":37,"column":55}},{"start":{"line":37,"column":58},"end":{"line":37,"column":71}}],"line":37},"4":{"loc":{"start":{"line":56,"column":4},"end":{"line":62,"column":5}},"type":"if","locations":[{"start":{"line":56,"column":4},"end":{"line":62,"column":5}},{"start":{},"end":{}}],"line":56},"5":{"loc":{"start":{"line":65,"column":20},"end":{"line":65,"column":52}},"type":"cond-expr","locations":[{"start":{"line":65,"column":34},"end":{"line":65,"column":45}},{"start":{"line":65,"column":48},"end":{"line":65,"column":52}}],"line":65},"6":{"loc":{"start":{"line":72,"column":10},"end":{"line":72,"column":18}},"type":"default-arg","locations":[{"start":{"line":72,"column":17},"end":{"line":72,"column":18}}],"line":72},"7":{"loc":{"start":{"line":72,"column":20},"end":{"line":72,"column":30}},"type":"default-arg","locations":[{"start":{"line":72,"column":28},"end":{"line":72,"column":30}}],"line":72},"8":{"loc":{"start":{"line":104,"column":4},"end":{"line":105,"column":70}},"type":"if","locations":[{"start":{"line":104,"column":4},"end":{"line":105,"column":70}},{"start":{},"end":{}}],"line":104},"9":{"loc":{"start":{"line":107,"column":4},"end":{"line":107,"column":74}},"type":"if","locations":[{"start":{"line":107,"column":4},"end":{"line":107,"column":74}},{"start":{},"end":{}}],"line":107},"10":{"loc":{"start":{"line":108,"column":4},"end":{"line":109,"column":65}},"type":"if","locations":[{"start":{"line":108,"column":4},"end":{"line":109,"column":65}},{"start":{},"end":{}}],"line":108},"11":{"loc":{"start":{"line":110,"column":4},"end":{"line":111,"column":71}},"type":"if","locations":[{"start":{"line":110,"column":4},"end":{"line":111,"column":71}},{"start":{},"end":{}}],"line":110},"12":{"loc":{"start":{"line":119,"column":17},"end":{"line":119,"column":36}},"type":"binary-expr","locations":[{"start":{"line":119,"column":17},"end":{"line":119,"column":29}},{"start":{"line":119,"column":33},"end":{"line":119,"column":36}}],"line":119},"13":{"loc":{"start":{"line":120,"column":44},"end":{"line":120,"column":75}},"type":"binary-expr","locations":[{"start":{"line":120,"column":44},"end":{"line":120,"column":57}},{"start":{"line":120,"column":61},"end":{"line":120,"column":75}}],"line":120},"14":{"loc":{"start":{"line":127,"column":4},"end":{"line":127,"column":74}},"type":"if","locations":[{"start":{"line":127,"column":4},"end":{"line":127,"column":74}},{"start":{},"end":{}}],"line":127},"15":{"loc":{"start":{"line":142,"column":4},"end":{"line":145,"column":63}},"type":"if","locations":[{"start":{"line":142,"column":4},"end":{"line":145,"column":63}},{"start":{},"end":{}}],"line":142},"16":{"loc":{"start":{"line":161,"column":4},"end":{"line":162,"column":76}},"type":"if","locations":[{"start":{"line":161,"column":4},"end":{"line":162,"column":76}},{"start":{},"end":{}}],"line":161},"17":{"loc":{"start":{"line":165,"column":17},"end":{"line":165,"column":36}},"type":"binary-expr","locations":[{"start":{"line":165,"column":17},"end":{"line":165,"column":29}},{"start":{"line":165,"column":33},"end":{"line":165,"column":36}}],"line":165},"18":{"loc":{"start":{"line":166,"column":44},"end":{"line":166,"column":75}},"type":"binary-expr","locations":[{"start":{"line":166,"column":44},"end":{"line":166,"column":57}},{"start":{"line":166,"column":61},"end":{"line":166,"column":75}}],"line":166},"19":{"loc":{"start":{"line":172,"column":2},"end":{"line":173,"column":68}},"type":"if","locations":[{"start":{"line":172,"column":2},"end":{"line":173,"column":68}},{"start":{},"end":{}}],"line":172},"20":{"loc":{"start":{"line":180,"column":4},"end":{"line":180,"column":74}},"type":"if","locations":[{"start":{"line":180,"column":4},"end":{"line":180,"column":74}},{"start":{},"end":{}}],"line":180}},"s":{"0":1,"1":1,"2":1,"3":1,"4":1,"5":1,"6":0,"7":0,"8":0,"9":0,"10":0,"11":0,"12":0,"13":0,"14":0,"15":0,"16":0,"17":0,"18":0,"19":0,"20":0,"21":0,"22":0,"23":0,"24":0,"25":0,"26":0,"27":0,"28":0,"29":1,"30":2,"31":2,"32":2,"33":2,"34":2,"35":2,"36":2,"37":1,"38":1,"39":1,"40":1,"41":6,"42":6,"43":1,"44":5,"45":4,"46":1,"47":3,"48":1,"49":2,"50":1,"51":1,"52":1,"53":1,"54":1,"55":1,"56":1,"57":1,"58":3,"59":3,"60":2,"61":1,"62":1,"63":1,"64":1,"65":4,"66":4,"67":4,"68":3,"69":2,"70":1,"71":1,"72":1,"73":0,"74":0,"75":0,"76":0,"77":0,"78":0,"79":0,"80":0,"81":1,"82":4,"83":4,"84":1,"85":3,"86":3,"87":2,"88":1,"89":1,"90":1,"91":1},"f":{"0":0,"1":0,"2":0,"3":2,"4":6,"5":3,"6":4,"7":0,"8":4},"b":{"0":[0,0],"1":[0,0],"2":[0,0],"3":[0,0],"4":[0,0],"5":[0,0],"6":[0],"7":[0],"8":[1,5],"9":[1,3],"10":[1,2],"11":[1,1],"12":[1,0],"13":[1,0],"14":[1,1],"15":[2,1],"16":[0,0],"17":[0,0],"18":[0,0],"19":[1,3],"20":[1,1]},"_coverageSchema":"1a1c01bbd47fc00a2c39e90264f33305004495a9","hash":"273dec324592354adacc9a1a00520fad21d823b2"}
,"/Users/bytedance/Desktop/To Do List App/Backend/models/Files.js": {"path":"/Users/bytedance/Desktop/To Do List App/Backend/models/Files.js","statementMap":{"0":{"start":{"line":1,"column":17},"end":{"line":1,"column":36}},"1":{"start":{"line":3,"column":19},"end":{"line":35,"column":1}},"2":{"start":{"line":37,"column":0},"end":{"line":37,"column":52}}},"fnMap":{},"branchMap":{},"s":{"0":1,"1":1,"2":1},"f":{},"b":{},"_coverageSchema":"1a1c01bbd47fc00a2c39e90264f33305004495a9","hash":"ffb38ae279bffad4ad22d7d820a321f0e4ae9bc1"}
,"/Users/bytedance/Desktop/To Do List App/Backend/models/Todo.js": {"path":"/Users/bytedance/Desktop/To Do List App/Backend/models/Todo.js","statementMap":{"0":{"start":{"line":1,"column":17},"end":{"line":1,"column":36}},"1":{"start":{"line":3,"column":19},"end":{"line":45,"column":1}},"2":{"start":{"line":47,"column":13},"end":{"line":47,"column":47}},"3":{"start":{"line":48,"column":0},"end":{"line":48,"column":22}}},"fnMap":{},"branchMap":{},"s":{"0":1,"1":1,"2":1,"3":1},"f":{},"b":{},"_coverageSchema":"1a1c01bbd47fc00a2c39e90264f33305004495a9","hash":"5639ea5d9b8f3dbbf78f46132efaffa630050d4c"}
,"/Users/bytedance/Desktop/To Do List App/Backend/validation/todo.js": {"path":"/Users/bytedance/Desktop/To Do List App/Backend/validation/todo.js","statementMap":{"0":{"start":{"line":1,"column":12},"end":{"line":1,"column":26}},"1":{"start":{"line":4,"column":0},"end":{"line":10,"column":18}},"2":{"start":{"line":12,"column":0},"end":{"line":17,"column":18}}},"fnMap":{},"branchMap":{},"s":{"0":1,"1":1,"2":1},"f":{},"b":{},"_coverageSchema":"1a1c01bbd47fc00a2c39e90264f33305004495a9","hash":"cd42ecb9b1da27bd9b72bdb4fc82b44773c090e3"}
}
