TN:
SF:controllers/todoController.js
FN:11,(anonymous_0)
FN:33,(anonymous_1)
FN:54,(anonymous_2)
FN:84,(anonymous_3)
FN:103,(anonymous_4)
FN:113,(anonymous_5)
FNF:6
FNH:1
FNDA:0,(anonymous_0)
FNDA:0,(anonymous_1)
FNDA:0,(anonymous_2)
FNDA:0,(anonymous_3)
FNDA:0,(anonymous_4)
FNDA:2,(anonymous_5)
DA:1,1
DA:2,1
DA:11,1
DA:12,0
DA:13,0
DA:14,0
DA:15,0
DA:16,0
DA:21,0
DA:23,0
DA:31,0
DA:32,0
DA:33,0
DA:34,0
DA:35,0
DA:44,0
DA:48,0
DA:50,0
DA:54,1
DA:55,0
DA:56,0
DA:57,0
DA:58,0
DA:60,0
DA:61,0
DA:63,0
DA:71,0
DA:72,0
DA:80,0
DA:84,1
DA:85,0
DA:86,0
DA:87,0
DA:89,0
DA:90,0
DA:92,0
DA:93,0
DA:94,0
DA:95,0
DA:99,0
DA:103,1
DA:104,0
DA:105,0
DA:106,0
DA:107,0
DA:109,0
DA:113,1
DA:114,2
DA:115,2
DA:116,2
DA:121,2
DA:122,1
DA:125,1
DA:127,0
LF:54
LH:13
BRDA:15,0,0,0
BRDA:15,0,1,0
BRDA:15,1,0,0
BRDA:15,1,1,0
BRDA:15,1,2,0
BRDA:15,1,3,0
BRDA:21,2,0,0
BRDA:21,2,1,0
BRDA:32,3,0,0
BRDA:32,3,1,0
BRDA:56,4,0,0
BRDA:56,5,0,0
BRDA:87,6,0,0
BRDA:87,6,1,0
BRDA:89,7,0,0
BRDA:89,7,1,0
BRDA:106,8,0,0
BRDA:106,8,1,0
BRDA:121,9,0,1
BRDA:121,9,1,1
BRF:20
BRH:2
end_of_record
TN:
SF:models/Files.js
FNF:0
FNH:0
DA:1,1
DA:3,1
DA:37,1
LF:3
LH:3
BRF:0
BRH:0
end_of_record
TN:
SF:models/Todo.js
FNF:0
FNH:0
DA:1,1
DA:3,1
DA:45,1
DA:46,1
LF:4
LH:4
BRF:0
BRH:0
end_of_record
